<?xml version="1.0" encoding="UTF-8"?>
<!-- Generated by org.testng.reporters.JUnitXMLReporter -->
<testsuite ignored="5" hostname="LM0003719" failures="0" tests="1" name="RunNegativeTests" time="53.404" errors="0" timestamp="2025-05-11T13:28:13 IST">
  <testcase classname="XaltsAutomationFramework.TestScript" name="userSignsInWithInvalidCredentials" time="19.323"/>
  <testcase classname="XaltsAutomationFramework.TestScript" name="signInAndNavigateTest" time="0.0">
    <ignored/>
  </testcase> <!-- signInAndNavigateTest -->
  <testcase classname="XaltsAutomationFramework.TestScript" name="userLaunchOcnNetwork" time="0.0">
    <ignored/>
  </testcase> <!-- userLaunchOcnNetwork -->
  <testcase classname="XaltsAutomationFramework.TestScript" name="userSignsOut" time="0.0">
    <ignored/>
  </testcase> <!-- userSignsOut -->
  <testcase classname="XaltsAutomationFramework.TestScript" name="userOnboardsNodes" time="0.0">
    <ignored/>
  </testcase> <!-- userOnboardsNodes -->
  <testcase classname="XaltsAutomationFramework.TestScript" name="userSignsUp" time="0.0">
    <ignored/>
  </testcase> <!-- userSignsUp -->
</testsuite> <!-- RunNegativeTests -->
