<?xml version="1.0" encoding="UTF-8"?>
<!-- Generated by org.testng.reporters.JUnitXMLReporter -->
<testsuite ignored="0" hostname="LM0003719" failures="0" tests="4" name="Default test" time="85.66" errors="0" timestamp="2025-05-11T11:04:16 IST">
  <testcase classname="XaltsAutomationFramework.TestScript" name="signInAndNavigateTest" time="21.247"/>
  <testcase classname="XaltsAutomationFramework.TestScript" name="userOnboardsNodes" time="40.211"/>
  <testcase classname="XaltsAutomationFramework.TestScript" name="userLaunchOcnNetwork" time="12.12"/>
  <testcase classname="XaltsAutomationFramework.TestScript" name="userSignsOut" time="0.751"/>
</testsuite> <!-- Default test -->
