<?xml version="1.0" encoding="UTF-8"?>
<!-- Generated by org.testng.reporters.JUnitXMLReporter -->
<testsuite ignored="1" hostname="LM0003719" failures="0" tests="4" name="Regression Tests" time="83.032" errors="0" timestamp="2025-05-11T12:49:49 IST">
  <testcase classname="XaltsAutomationFramework.TestScript" name="userSignsUp" time="22.088"/>
  <testcase classname="XaltsAutomationFramework.TestScript" name="userOnboardsNodes" time="39.206"/>
  <testcase classname="XaltsAutomationFramework.TestScript" name="userLaunchOcnNetwork" time="9.014"/>
  <testcase classname="XaltsAutomationFramework.TestScript" name="userSignsOut" time="0.734"/>
  <testcase classname="XaltsAutomationFramework.TestScript" name="signInAndNavigateTest" time="0.0">
    <ignored/>
  </testcase> <!-- signInAndNavigateTest -->
</testsuite> <!-- Regression Tests -->
