<?xml version="1.0" encoding="UTF-8"?>
<testng-results ignored="0" total="4" passed="4" failed="0" skipped="0">
  <reporter-output>
  </reporter-output>
  <suite started-at="2025-05-11T13:30:21 IST" name="RegressionOne Suite" finished-at="2025-05-11T13:31:46 IST" duration-ms="84332">
    <groups>
      <group name="regressionOne">
        <method signature="TestScript.signInAndNavigateTest()[pri:1, instance:XaltsAutomationFramework.TestScript@7f485fda]" name="signInAndNavigateTest" class="XaltsAutomationFramework.TestScript"/>
        <method signature="TestScript.userOnboardsNodes()[pri:2, instance:XaltsAutomationFramework.TestScript@7f485fda]" name="userOnboardsNodes" class="XaltsAutomationFramework.TestScript"/>
        <method signature="TestScript.userLaunchOcnNetwork()[pri:3, instance:XaltsAutomationFramework.TestScript@7f485fda]" name="userLaunchOcnNetwork" class="XaltsAutomationFramework.TestScript"/>
        <method signature="TestScript.userSignsOut()[pri:4, instance:XaltsAutomationFramework.TestScript@7f485fda]" name="userSignsOut" class="XaltsAutomationFramework.TestScript"/>
      </group> <!-- regressionOne -->
      <group name="regression">
        <method signature="TestScript.userOnboardsNodes()[pri:2, instance:XaltsAutomationFramework.TestScript@7f485fda]" name="userOnboardsNodes" class="XaltsAutomationFramework.TestScript"/>
        <method signature="TestScript.userLaunchOcnNetwork()[pri:3, instance:XaltsAutomationFramework.TestScript@7f485fda]" name="userLaunchOcnNetwork" class="XaltsAutomationFramework.TestScript"/>
        <method signature="TestScript.userSignsOut()[pri:4, instance:XaltsAutomationFramework.TestScript@7f485fda]" name="userSignsOut" class="XaltsAutomationFramework.TestScript"/>
      </group> <!-- regression -->
    </groups>
    <test started-at="2025-05-11T13:30:21 IST" name="RegressionOne Tests" finished-at="2025-05-11T13:31:46 IST" duration-ms="84332">
      <class name="XaltsAutomationFramework.TestScript">
        <test-method is-config="true" signature="launchApplication()[pri:0, instance:XaltsAutomationFramework.TestScript@7f485fda]" started-at="2025-05-11T13:30:22 IST" name="launchApplication" finished-at="2025-05-11T13:30:32 IST" duration-ms="10874" status="PASS">
          <reporter-output>
          </reporter-output>
        </test-method> <!-- launchApplication -->
        <test-method signature="signInAndNavigateTest()[pri:1, instance:XaltsAutomationFramework.TestScript@7f485fda]" started-at="2025-05-11T13:30:32 IST" name="signInAndNavigateTest" finished-at="2025-05-11T13:30:53 IST" duration-ms="20441" status="PASS">
          <reporter-output>
          </reporter-output>
        </test-method> <!-- signInAndNavigateTest -->
        <test-method signature="userOnboardsNodes()[pri:2, instance:XaltsAutomationFramework.TestScript@7f485fda]" started-at="2025-05-11T13:30:53 IST" name="userOnboardsNodes" finished-at="2025-05-11T13:31:32 IST" duration-ms="39174" status="PASS">
          <reporter-output>
          </reporter-output>
        </test-method> <!-- userOnboardsNodes -->
        <test-method signature="userLaunchOcnNetwork()[pri:3, instance:XaltsAutomationFramework.TestScript@7f485fda]" started-at="2025-05-11T13:31:32 IST" name="userLaunchOcnNetwork" finished-at="2025-05-11T13:31:45 IST" duration-ms="12802" status="PASS">
          <reporter-output>
          </reporter-output>
        </test-method> <!-- userLaunchOcnNetwork -->
        <test-method signature="userSignsOut()[pri:4, instance:XaltsAutomationFramework.TestScript@7f485fda]" started-at="2025-05-11T13:31:45 IST" name="userSignsOut" finished-at="2025-05-11T13:31:46 IST" duration-ms="710" status="PASS">
          <reporter-output>
          </reporter-output>
        </test-method> <!-- userSignsOut -->
        <test-method is-config="true" signature="quitDriver()[pri:0, instance:XaltsAutomationFramework.TestScript@7f485fda]" started-at="2025-05-11T13:31:46 IST" name="quitDriver" finished-at="2025-05-11T13:31:46 IST" duration-ms="261" status="PASS">
          <reporter-output>
          </reporter-output>
        </test-method> <!-- quitDriver -->
      </class> <!-- XaltsAutomationFramework.TestScript -->
    </test> <!-- RegressionOne Tests -->
  </suite> <!-- RegressionOne Suite -->
</testng-results>
