<?xml version="1.0" encoding="UTF-8"?>
<!-- Generated by org.testng.reporters.JUnitXMLReporter -->
<testsuite ignored="1" hostname="LM0003719" failures="0" tests="4" name="RegressionOne Tests" time="106.637" errors="0" timestamp="2025-05-11T12:45:42 IST">
  <testcase classname="XaltsAutomationFramework.TestScript" name="signInAndNavigateTest" time="19.242"/>
  <testcase classname="XaltsAutomationFramework.TestScript" name="userOnboardsNodes" time="40.794"/>
  <testcase classname="XaltsAutomationFramework.TestScript" name="userLaunchOcnNetwork" time="9.632"/>
  <testcase classname="XaltsAutomationFramework.TestScript" name="userSignsOut" time="0.717"/>
  <testcase classname="XaltsAutomationFramework.TestScript" name="userSignsUp" time="0.0">
    <ignored/>
  </testcase> <!-- userSignsUp -->
</testsuite> <!-- RegressionOne Tests -->
