<?xml version="1.0" encoding="UTF-8"?>
<!-- Generated by org.testng.reporters.JUnitXMLReporter -->
<testsuite ignored="2" hostname="LM0003719" failures="0" tests="4" name="RegressionOne Tests" time="84.332" errors="0" timestamp="2025-05-11T13:31:46 IST">
  <testcase classname="XaltsAutomationFramework.TestScript" name="signInAndNavigateTest" time="20.441"/>
  <testcase classname="XaltsAutomationFramework.TestScript" name="userOnboardsNodes" time="39.174"/>
  <testcase classname="XaltsAutomationFramework.TestScript" name="userLaunchOcnNetwork" time="12.802"/>
  <testcase classname="XaltsAutomationFramework.TestScript" name="userSignsOut" time="0.71"/>
  <testcase classname="XaltsAutomationFramework.TestScript" name="userSignsInWithInvalidCredentials" time="0.0">
    <ignored/>
  </testcase> <!-- userSignsInWithInvalidCredentials -->
  <testcase classname="XaltsAutomationFramework.TestScript" name="userSignsUp" time="0.0">
    <ignored/>
  </testcase> <!-- userSignsUp -->
</testsuite> <!-- RegressionOne Tests -->
